11870
1
2
11871
3
4
11872
5
11873
6
7
11874
11883
8
11884
9
10
11885
11
11886
12
11887
13
11888
14
11889
15
11890
16
11891
17
11908
11909
18
11910
11911
19
11912
20
11925
21
11926
22
11927
23
11928
24
11929
25
11930
26
11931
27
11932
28
11933
29
30
11934
31
11935
32
11936
33
11937
34
11938
35
36
11939
37
11940
38
11941
39
40
11942
41
11943
42
11944
43
44
11945
45
11946
46
11947
47
11948
48
49
11949
50
11950
51
52
11951
53
54
11952
55
11953
56
57
11954
58
11955
59
11956
60
61
11957
62
11958
63
64
11959
65
66
11960
11961
67
68
11962
11963
69
11964
70
11977
71
11978
72
73
11979
74
12002
75
12003
76
77
12004
78
12006
79
12007
80
12008
81
82
12024
83
84
85
12025
86
12032
12033
87
12034
88
12037
89
90
12038
91
92
12039
93
94
12040
95
96
12041
97
12042
98
99
100
12176
101
12177
102
103
12178
104
12179
105
12180
12181
106
107
12182
108
12183
109
12232
110
12233
111
12234
112
12235
113
12236
114
12237
115
12238
116
12240
117
12241
118
12242
119
12243
120
12244
121
12245
122
12246
123
12247
124
12248
125
12249
126
12250
127
12251
128
129
12252
130
12253
131
132
12254
133
12255
134
12256
135
12257
136
12258
137
12259
138
12260
12261
139
12262
140
12263
141
142
12264
143
12265
144
12266
145
12267
146
147
12268
148
149
150
12269
151
12270
152
12271
153
12272
154
155
12273
156
12274
157
12275
158
12276
159
12277
160
12278
161
12279
162
12280
163
164
12281
165
12282
166
12283
167
168
12284
169
12285
170
12286
12287
171
12288
172
12289
173
12290
174
12291
175
12292
176
12293
12294
177
12295
178
179
180
12296
181
12297
182
12298
183
12299
184
12300
185
12301
186
12302
187
12303
188
189
12304
190
12305
191
12306
192
12307
193
12308
194
195
12309
196
12310
197
12311
12312
198
12313
199
12314
200
12315
201
12316
202
12317
203
12318
204
12319
205
206
12320
12321
207
208
12322
209
12323
12324
210
211
12325
212
12326
213
12327
214
12328
215
216
12329
217
218
12330
219
12331
220
12332
221
12333
222
12334
223
12335
224
12336
225
12337
226
12338
227
12339
228
12340
229
230
12341
231
12342
232
233
12343
234
12344
235
236
12345
237
238
12346
239
12347
240
12348
241
12349
242
12350
243
12351
12352
244
12353
245
246
12354
247
12355
248
12356
249
12357
250
12358
251
12359
252
12360
253
12361
254
12362
255
12363
256
12364
257
12365
258
12366
259
12367
260
12368
261
12369
262
12370
263
264
12371
265
12372
12373
266
12374
267
268
12375
269
12376
270
271
12377
272
12378
273
12379
274
12380
275
12381
276
12382
277
278
12383
12384
279
280
12385
281
12494
282
12495
283
13062
13063
284
13064
285
13125
286
13126
287
288
289
13127
290
13128
291
13129
292
13130
293
13131
294
13132
295
13133
296
13182
297
13183
298
13184
299
13257
300
13258
301
13259
302
13260
303
13261
304
13262
305
13263
306
13264
307
13265
13266
308
309
13267
13268
310
13269
311
13270
312
13271
313
314
13272
13273
315
316
13274
317
13275
13276
318
13277
319
13278
320
13279
321
13280
322
323
13281
324
13282
325
13283
326
13284
13285
327
328
13286
13287
329
330
13288
13289
331
13291
332
333
13352
13353
334
13439
335
13440
336
337
13525
13526
338
339
13587
340
13636
341
13637
342
13638
343
13639
344
13688
345
13689
346
13774
347
13775
348
13776
349
13777
350
13778
351
13827
352
13830
353
13831
354
13832
355
13833
356
13834
357
13835
358
13836
359
13837
360
13838
361
13839
362
13840
363
13841
364
13843
365
13844
366
13845
367
13856
368
13857
369
13870
370
13871
371
13896
372
13897
373
13898
374
13899
375
13900
376
13901
377
13902
378
13904
379
13905
380
13906
381
13907
13912
382
13913
383
13914
384
13915
385
13916
386
13917
387
13918
388
13919
389
13920
390
13921
391
13922
392
13923
393
13924
394
13925
395
13926
396
13927
397
13928
398
13929
399
13930
400
13931
401
13932
402
13933
403
13934
404
13944
405
13945
406
13946
407
13947
408
13948
409
13949
410
13950
411
13951
412
13952
13953
413
414
13954
13955
415
13956
416
13957
417
13958
418
13959
419
13960
420
13961
421
13962
422
13963
424
13964
425
13965
426
13966
427
13967
428
13968
429
13969
430
13970
431
13971
432
13972
433
13973
434
13974
435
13975
436
13976
437
13977
438
13978
439
13979
440
13980
441
13981
442
13982
443
13983
444
13984
445
13985
446
13986
447
13987
448
13988
449
13989
450
13990
451
13991
452
13992
453
13993
454
13994
455
13995
456
13996
457
13997
458
13998
459
13999
460
14000
461
14001
462
14002
463
14003
464
14004
465
14005
466
14006
467
14007
468
14008
469
14009
470
14010
471
14011
472
14012
473
14013
474
14014
475
14015
476
14016
477
14017
478
14018
479
14019
480
14020
481
14021
482
14022
483
14023
484
14024
485
14025
486
14026
487
14027
488
14028
489
14029
490
14030
491
14031
492
14032
493
14033
494
14034
495
14035
496
14036
497
14037
498
14038
499
14039
500
14040
501
14041
502
14042
503
14043
504
14044
505
14045
506
14046
507
14047
508
14048
509
14049
510
14050
511
14051
512
14052
513
14053
514
14054
515
14055
516
14056
517
14057
518
14058
519
14059
520
14060
521
14061
522
14062
523
14063
524
14064
525
14065
526
14066
527
14067
528
14068
529
14069
530
14070
531
14071
532
14072
533
14073
534
14074
535
14075
536
14076
537
14077
538
14078
539
14079
540
14080
541
14081
542
14082
543
14083
544
14084
545
14085
546
14086
547
14087
548
14088
549
14089
550
14090
551
14091
552
14092
553
14093
554
14094
555
14095
556
14096
557
14097
558
14098
559
14099
560
14100
561
14101
562
14102
563
14103
564
14104
565
14105
566
14106
567
14107
568
14108
569
14109
570
14110
571
14111
572
14112
573
14113
574
14114
575
14115
576
14116
577
14117
578
14118
579
14119
580
14120
581
14121
582
14122
14123
583
584
14124
14125
585
14126
586
14127
587
588
14128
14129
589
14130
590
14131
591
592
14132
14133
593
14134
594
595
14135
14136
596
597
14137
598
14138
14139
599
600
14140
601
14141
602
14142
14143
605
14144
606
14145
607
608
14146
609
14147
14148
610
14149
611
14150
612
14151
613
614
14152
14153
615
14154
616
14155
617
618
14156
14157
619
620
14158
621
14159
622
14160
623
14161
14162
624
14163
625
14164
626
627
14165
628
14166
14167
629
630
14168
14169
631
14170
632
633
14171
634
14172
635
14173
14174
636
637
14175
638
14176
14177
639
14178
640
14179
641
14180
642
14181
643
14182
644
14183
645
14184
646
14185
647
14186
648
14187
649
14188
650
14189
651
14190
652
14191
653
14192
654
14193
655
14194
656
14195
657
14196
658
14197
659
14198
660
14199
661
14200
662
14201
663
14202
664
14203
665
14204
666
14205
667
14206
668
14207
669
14208
670
14209
671
14210
672
14211
673
14212
674
14213
675
14214
676
14218
677
14219
678
14220
679
14221
680
14222
681
14223
682
14224
683
14225
684
14226
685
14227
686
687
14228
688
14229
689
14230
690
14231
691
14232
14233
692
14234
693
14235
694
14236
695
14237
696
14238
697
14239
698
699
14240
700
14241
701
14242
702
14243
14244
703
14245
704
705
14246
14247
706
707
14248
708
14249
709
14250
14251
710
711
14252
712
14253
14254
713
14255
714
715
14256
14257
716
717
14258
718
14259
719
14260
14261
720
14262
721
14263
722
14264
723
14265
724
725
14266
14267
726
14268
727
728
14269
729
14270
14271
730
731
14272
732
14273
733
14274
734
14275
14276
735
736
14277
737
14278
14279
738
739
14280
740
14281
741
14282
742
14283
743
14284
744
14285
745
14286
746
14287
747
14288
748
14289
749
14290
750
14291
751
14292
752
14293
753
14294
754
14295
755
14296
756
14297
757
14298
758
14299
759
14300
760
14301
761
14302
762
14303
763
14304
764
14305
765
14306
766
14307
767
14308
768
14309
769
14310
770
14311
771
14312
772
14313
773
14314
774
14315
775
14316
776
14317
777
14318
778
14319
779
14320
780
14321
781
14322
782
14323
783
14324
784
14325
785
14326
786
14327
787
14328
788
14329
789
14330
790
14331
791
14332
792
14333
793
14334
794
14335
795
14336
796
14337
797
14338
798
14339
799
14340
800
14341
801
14342
802
14343
803
14344
804
14345
805
14346
806
14347
807
14348
808
14349
809
14350
810
14351
811
14352
812
14353
813
14354
814
14355
815
14356
816
14357
817
14358
818
14359
819
14360
820
14361
821
14362
822
14363
823
14364
14365
14366
14367
14368
824
14369
825
14370
826
14371
827
828
26415
