16565
2583
2584
16566
2585
16567
2586
16568
2587
2588
16569
2589
16570
2590
16571
16572
2591
16573
2592
16574
2593
16575
2594
16576
2595
16577
2596
16578
2597
16579
2598
16580
16581
2599
16582
2600
16583
2601
16584
16585
2602
16586
2603
16587
2604
16588
16589
2605
16590
2606
16591
2607
16592
2608
16593
2609
16594
2610
16595
2611
2612
16596
2613
16597
2614
2615
16598
16599
2616
16600
2617
16601
2618
16602
2619
16603
2620
16604
2622
16605
2623
16606
16607
2624
2625
16608
2626
16609
2627
16610
2628
16611
2629
16612
2630
16613
2631
2632
16614
2633
16615
2634
2635
16616
2636
16617
2637
16618
2638
16619
2639
16620
2640
16621
2641
16622
2642
16623
2643
16624
2644
16625
2645
16626
2646
16627
2647
16628
2648
2649
16629
2650
2651
16630
2652
16631
2653
16632
2654
16633
2655
16634
16635
2656
16636
2657
16637
2658
16638
2659
16639
2660
16640
2661
16641
2662
16642
2663
16643
2664
16644
2665
16645
2666
16646
2667
16647
2668
16648
2669
16649
16650
2670
16651
2671
16652
2672
16653
2673
16654
2674
16655
2675
16656
2676
16657
2677
16658
2678
16659
2679
16660
2680
16661
2681
16662
2682
16663
2683
16664
2684
16665
2685
16666
16667
2686
16668
2687
16669
2688
2689
16670
2690
2691
16671
2692
16672
2693
16673
2694
2695
16674
2696
16675
2697
2698
16676
2699
16677
2700
16678
2701
16679
2702
2703
16680
2704
16681
2705
2706
16682
2707
16683
2708
16684
2709
16685
2710
16686
2711
16687
2712
16688
16689
2713
16690
2714
2715
16691
2716
2717
16692
2718
16693
2719
16694
2720
16695
2721
16696
2722
2723
16697
16698
2724
16699
2725
16700
2726
2727
16701
2728
16702
2729
16703
2730
2731
16704
2732
16705
2733
16706
2734
2735
16707
16708
2736
16709
2737
2738
16710
16711
2739
16712
16713
2740
16714
2741
2742
16715
2743
16716
2744
2745
16717
2746
16718
2747
16719
2748
2749
16720
2750
16721
2751
2752
16722
2753
16723
2754
2755
16955
2756
16956
2757
2758
16957
2759
16958
2760
16959
2761
16960
2762
2763
16961
16962
2764
2765
16963
16964
2766
16965
2767
2768
2769
16966
2770
16967
2771
2772
16968
2773
16969
2774
16970
2775
16971
2776
2777
16972
2778
2779
16973
2780
16974
2781
16975
2782
17228
2783
17229
2784
2785
17230
2786
17231
2787
2788
17232
2789
17233
2790
17234
2791
17235
2792
17236
2793
17237
17238
2794
2795
17239
2796
17240
17241
2797
2798
17242
2800
2801
17243
2802
17244
2803
17245
2804
17246
2805
2806
17247
2807
17248
17249
2808
17250
2809
17251
2810
17252
2811
17253
2812
17254
2813
17255
2814
2815
17256
2816
17257
2817
17258
2818
17259
2819
17260
2820
17261
2821
17262
2822
17263
2823
17264
17265
2824
17266
2825
2826
17267
17268
2827
2828
17269
2829
17270
2830
17271
2831
17272
2832
17273
17274
2833
17275
2834
17276
2835
2836
17277
17278
2837
17279
2838
17280
2839
17281
2840
17282
2841
17283
2842
17284
2843
17285
2844
17286
2845
17287
2846
17288
2847
17289
2848
17290
2849
17291
2850
17292
2851
2852
17293
2853
17294
2854
17295
2855
17296
17297
2856
2857
17298
2858
17299
2859
17300
2860
17301
2861
17302
2862
17303
2863
17304
2864
17305
2865
17306
2866
17307
2867
17308
2868
2869
17309
2870
17310
2871
17311
2872
17312
2873
17313
2874
17314
2875
2876
17315
2877
17316
2878
17317
2879
17318
2880
17319
2881
17320
2882
17321
2883
17322
2884
17323
2885
17324
2886
2887
17325
2888
17326
2889
17327
2890
17328
17329
2891
17330
2892
17331
2893
2894
17332
2895
17333
17334
2896
2897
17335
2898
17336
17337
2899
17338
2900
2901
17339
2902
17340
2903
17341
17342
2904
2905
17343
17344
2906
17345
2907
17346
2908
2909
17347
2910
17348
2911
17349
17350
2912
2913
17351
2914
17352
17353
2915
17354
2916
2917
17355
2918
17356
2919
17357
2920
17358
2921
17359
2922
17360
2923
17361
2924
17362
2925
17363
2926
17364
2927
17365
2928
17366
2929
17367
2930
17368
2931
17369
2932
17370
2933
17371
2934
17372
2935
17373
2936
17374
2937
17375
2938
17376
2939
17377
2940
17378
2941
17379
2942
17380
2943
17381
2944
17382
2945
17383
2946
17392
2947
17393
2948
17394
2949
17395
2950
17396
2951
17397
2952
17398
2953
17399
2954
17400
2955
17401
2956
17402
2957
17403
2958
17404
2959
17405
2960
17406
17407
2961
17408
2962
17409
2963
17410
2964
17411
2965
17412
2966
17413
2967
17414
2968
17415
2969
17416
2970
17417
2971
17418
2972
17419
2973
17420
2974
17421
2975
17422
2976
17423
2977
17424
2978
17425
2979
17426
2980
17427
2981
17428
2982
17429
2983
17430
2984
17431
2985
17432
2986
17433
2987
17434
2988
17435
2989
17436
2990
17437
2991
17438
2992
17439
17440
2993
17441
2994
2995
17442
2996
17443
2997
17444
2998
17445
2999
17446
3000
17447
3001
17448
3002
17449
3003
17450
3004
17451
3005
17452
3006
17453
3007
17454
3008
17455
3009
17456
3010
17457
3011
17458
3012
17459
3013
17460
3014
17461
3015
17462
3016
17463
3017
17464
3018
17465
3019
17466
3020
17467
3021
17468
3022
17469
3023
17470
3024
17471
3025
17472
3026
17473
3027
17474
3028
17475
3029
17476
3030
17477
3031
17478
3032
17479
3034
17480
3035
17481
3036
17482
3037
17483
3038
17484
3039
17485
3040
17486
3041
17487
3042
17488
3043
17489
3044
17490
3045
17491
3046
17492
3047
17493
3048
17494
3049
17495
3050
17496
3051
17497
3052
17498
3053
17499
3054
17500
3055
17501
3056
17502
3057
17503
3058
17504
3059
17505
3060
17506
3061
17507
3062
17508
3063
17509
3064
17510
3065
17511
3066
17512
3067
17513
3068
17514
3069
17515
3070
17516
3071
17517
3072
17518
3073
17519
3074
17520
3075
17521
3076
17522
3077
17523
3078
17524
3079
17525
3080
17526
3081
17527
3082
17528
3083
17529
3084
17530
3085
17531
3086
17532
3087
17533
3088
17534
3089
17535
3090
3091
17536
17537
3092
17538
3093
17539
3094
3095
17540
17541
3096
17542
3097
3098
17543
17544
3099
17545
3100
17546
3101
17547
3102
3103
17548
3104
17549
3105
17550
3106
17551
3107
17552
3108
17553
3109
17554
17555
3110
17556
3111
17557
3112
17558
3113
3114
17559
17560
3115
3116
17561
3117
17562
3118
17563
17564
3119
3120
17565
17566
3121
3122
17567
3123
17568
17569
3124
3125
17570
17571
3126
17572
3127
17573
3128
17574
3129
3130
17575
17576
3131
17577
3132
17578
3133
3134
17579
17580
3135
17581
3136
3137
17582
17583
3138
17584
3139
17585
3140
3141
17586
17587
3142
3143
17588
17589
3144
3145
17590
3146
17591
17592
3147
3148
17593
17594
3149
3150
17595
17596
3151
3152
17597
17598
3153
17599
3154
17600
3155
3156
17601
3157
17602
3158
17603
3159
17604
3160
17605
17606
3161
3162
17607
3163
17608
17609
3164
17610
3165
3166
17611
17612
3167
17613
3168
3169
17614
17615
3170
3171
17616
17617
3172
17618
3173
3174
17619
17620
3175
17621
3176
3177
17622
17623
3178
17624
3179
17625
3180
3181
17626
3182
17627
17628
3183
17629
3184
17630
3185
3186
17631
3187
17632
3188
17633
3189
17634
3190
17635
3191
17636
17637
3192
17638
3193
17639
3194
17640
3195
17641
3196
3197
17642
17643
3198
17644
3199
3200
17645
17646
3201
3202
17647
3203
17648
3204
17649
3205
17650
17651
3206
3207
17652
17653
3208
3209
17654
3210
17655
3211
17656
17657
3212
17658
3213
3214
17659
3215
17660
17661
3216
17662
3217
17663
3218
3219
17664
3220
17665
3221
17666
17667
3222
17668
3223
3224
17669
3225
17670
3226
17671
3227
17672
3228
17673
17674
3229
3230
17675
17676
3231
17677
3232
3233
17678
17679
3234
3235
17680
17681
3236
17682
3237
17683
3238
17684
3239
17685
3240
17686
3241
3242
17687
17688
3243
3244
17689
17690
3245
3246
17691
17692
3247
17693
3248
3249
17694
3250
17695
3251
17696
17697
3252
3253
17698
17699
3254
3255
17700
17701
3256
17702
3257
3258
17703
3259
17704
17705
3260
3261
17706
3262
17707
3263
17708
3264
17709
3265
17710
17711
3266
3267
17712
3268
17713
3269
17714
3270
17715
17716
3271
3276
17717
17718
3277
17719
3278
17720
3279
3280
17721
3281
17722
17723
3282
17724
3283
3284
17725
3285
17726
3286
17727
17728
3287
3288
17729
17730
3289
17731
3290
17732
3291
17733
3292
17734
3293
3294
17735
17736
3295
17737
3296
17738
3297
3298
17739
17740
3299
17741
3300
17742
3301
3302
17743
17744
3303
17745
3304
17746
3305
17747
3306
17748
3307
17749
3308
3309
17750
17751
3310
17752
3311
3312
17753
3313
17754
17755
3314
17756
3315
17757
3316
3317
17758
17759
3318
17760
3319
3320
17761
17762
3321
17763
3322
3323
17764
3324
17765
3325
17766
17767
3326
17768
3327
3328
17769
17770
3329
17771
3330
17772
3331
17773
3332
17774
3333
17775
3334
17776
3335
3336
17777
17778
3337
3338
17779
3339
17780
17781
3340
3341
17782
3342
17783
3343
17784
17785
3344
17786
3345
3346
17787
17788
3347
3348
17789
17790
3349
17791
3350
3351
17792
3352
17793
17794
3353
3354
17795
17796
3355
17797
3356
3357
17798
17799
3358
17800
3359
3360
17801
17802
3361
3362
17803
3363
17804
17805
3364
17806
3365
17807
3366
17808
3367
3368
17809
17810
3369
17811
3370
3371
17812
17813
3372
17814
3373
17815
3374
17816
3375
3376
17817
17818
3377
3378
17819
3379
17820
17821
3380
3381
17822
3382
17823
17824
3383
3384
17825
3385
17826
3386
17827
3387
17828
3388
17829
3389
17830
3390
17831
3391
17832
3392
17833
3393
17834
3394
17835
3395
17836
3396
17837
3397
17838
3398
17839
3399
17840
3400
17841
3401
17842
3402
17843
3403
17844
3404
17845
3405
17846
3406
17847
3407
17848
17849
3408
17850
17851
3409
17852
3410
