19340
5093
5094
19341
5095
19342
5096
19343
5098
19344
5099
19345
5100
19346
5101
19347
5102
19348
5103
19349
5104
19350
5105
19351
5106
19352
5107
19353
5108
19354
5109
19355
5110
19356
5111
5112
19357
19358
5113
19359
5114
19360
5115
19361
5116
19362
5117
19363
5118
5119
19364
5120
19365
5121
19366
5122
19367
5123
5124
19368
5125
19369
5126
5127
19370
5128
19371
5129
19372
5130
5131
19373
5132
19374
5133
19375
5134
5135
19376
19377
5136
5137
19378
5138
19379
5139
19380
5140
19381
5141
5142
19382
5143
19383
5144
19384
5145
5146
19385
5147
19386
5148
5149
19387
5150
19388
5151
19389
5152
19390
5153
19391
5154
19392
5155
19393
5156
19394
5157
5158
19395
5159
19396
5160
5161
19397
5162
19398
5163
5164
19399
5165
5166
19400
5167
19401
5168
19402
5169
19403
5170
19404
5171
19405
5172
5173
19406
5174
19407
5175
19408
5176
5177
19409
5178
19410
5179
19411
5180
5181
19412
5182
19413
5183
19414
5184
19415
5185
19416
5186
19417
5187
5188
19418
5189
5190
19419
5191
19420
5192
19421
5193
5194
19422
5196
19423
5197
19424
5199
19425
5200
19426
5201
5202
19427
5203
19428
5204
19429
5205
19430
5206
5207
19431
5208
19432
5209
5210
19433
5211
19434
5212
19435
5213
5214
19436
5215
19437
5216
5217
19438
5218
19439
5219
19440
5220
19441
5221
5222
19442
5223
19443
5224
19444
5225
19445
5226
19446
5227
19447
5228
19448
5229
5230
19449
5231
5232
19450
5233
5234
19451
5235
19452
5236
19453
5237
5238
19454
5239
19455
5240
19456
5241
19457
5242
19458
19459
5243
5244
19460
5245
5246
19461
5247
19462
5248
5249
19463
5250
5251
19464
5252
19465
5253
19466
5254
19467
5255
19468
5256
19469
5257
19470
5258
19471
5259
19472
5260
19473
5261
5262
19474
5263
19475
5264
5265
19476
5266
19477
5267
19478
5268
19479
19480
5269
19481
5270
5271
19482
19483
5272
19484
5273
19485
5274
19486
5275
19487
5276
5277
19488
5278
19489
5279
19490
5280
19491
5281
5282
19492
5283
19493
5284
19494
5285
19495
5286
5287
19496
5288
5289
19497
5290
19498
5291
19499
5292
19500
5293
19501
5294
5295
19502
5296
19503
5297
5298
19504
5299
19505
5300
19506
5301
19507
5302
19508
19509
5303
19510
5304
19511
5305
5306
19512
5307
19513
5308
5309
19514
5310
19515
5311
19516
5312
5313
19517
5314
19518
5315
5316
19519
5317
19520
5318
19521
5319
5320
19522
5321
19523
5322
19524
5323
19525
19526
5324
19527
5325
5326
19528
5327
5328
19529
5329
5330
19530
5331
19531
5332
5333
19532
5334
19533
5335
19534
5336
5337
19535
5338
19536
5339
19537
5340
5341
19538
5342
19539
5343
5344
19540
5345
19541
5346
5347
19542
5348
19543
5349
5350
19544
19545
19546
5351
19547
5352
19548
5353
19549
5354
19550
5355
19551
5357
5358
19552
5359
19553
5360
19554
5361
19555
19556
5362
5363
19557
5364
19558
5365
19559
5366
19560
19561
5367
19562
5368
19563
5369
19564
5370
19565
5371
19566
5372
19567
5373
19568
5374
19569
19570
5375
19571
5376
19572
5377
19573
5378
19574
5379
19575
5380
19576
5381
19577
5382
19578
5383
19579
5385
19580
19581
5386
19582
5387
19583
5388
19584
5389
19585
5390
19586
5391
19587
5392
19588
5393
19589
5394
19590
5395
19591
5396
19592
5397
19593
5398
19594
5399
19595
5400
19596
5401
19597
5402
19598
5403
19599
5404
19600
5405
19601
5406
19602
5407
19603
5408
19604
5409
19605
5410
19606
5411
19607
5412
19608
5413
19609
5414
19610
5415
19611
5416
19612
5417
19613
5418
19614
5419
19615
5420
19616
5421
19617
5422
19618
5423
19619
5424
19620
5425
19621
5426
19622
5427
19623
5428
5429
19624
5430
19625
19626
5431
5432
19627
5433
19628
5434
19629
19630
5435
5436
19631
19632
5437
19633
5438
5439
19634
5440
19635
19636
5441
19637
5442
5443
19638
19639
5444
19640
5445
19641
5446
19642
5447
19643
5448
19644
5449
5450
19645
19646
5451
5452
19647
5453
19648
5454
19649
5455
19650
19651
5456
19652
5457
19653
5458
5459
19654
5460
19655
5461
19656
5462
19657
5463
19658
5464
19659
5465
19660
5466
19661
5467
19662
5468
19663
5469
19664
5470
19665
5471
19666
5472
19667
5473
19668
5474
19669
5475
19670
5476
19671
5477
19672
5478
19673
5479
19674
5480
19675
5481
19676
5482
19677
5483
19678
5484
19679
5485
19680
5486
19681
5487
19682
5488
19683
5489
19684
5490
19685
5491
19686
5492
19687
5493
19688
5494
19689
5495
19690
5496
19691
5497
19692
5498
19693
5499
19694
5500
19695
5501
19696
5502
19697
5503
19698
5504
19699
5505
19700
5506
19701
5507
19702
5508
19703
5509
19704
5510
19705
5511
19706
5512
19707
5513
19708
5514
19709
5515
19710
5516
19711
5517
19712
5518
19713
5519
5520
19714
19715
5521
19716
5522
19717
5523
19718
5524
19719
5525
19720
5526
19721
5527
19722
5528
19723
5529
19724
5530
19725
5531
19726
5532
19727
5533
19728
5534
19729
5535
19730
5536
19731
5537
19732
5538
19733
5539
19734
5540
19735
5541
19736
5542
19737
5543
19738
5544
19739
5545
19740
5546
19741
5547
19742
5548
19743
5549
19744
5550
19745
5551
19746
5552
19747
5553
19748
5554
19749
5555
19750
5556
19751
19752
5557
19753
5558
19754
5559
19755
5560
19756
5561
19757
5562
19758
5563
19759
5564
19760
5565
19761
5566
19762
5567
19763
5568
19764
5569
19765
5570
19766
5571
19767
5572
19768
5573
19769
5574
5575
19770
5576
19771
19772
5577
5578
19773
19774
5579
19775
5580
19776
5581
19777
5582
19778
5583
19779
5584
19780
5585
19781
5587
19782
5588
19783
5589
19784
5592
19785
5593
19786
5594
19787
5595
19788
5597
19789
5599
19790
5600
19791
5601
19792
5602
19793
5603
19794
5604
19795
5605
19796
5606
19797
5607
19798
5608
19799
5609
19800
5610
19801
5611
19802
5612
19803
5613
19804
5614
19805
5615
19806
5616
19807
5617
19808
5618
19809
5619
19810
5620
19811
5621
19812
5622
19813
5623
19814
5624
19815
5625
19816
5626
19817
19818
5627
19819
5628
5629
19820
5630
19821
5631
19822
19823
5632
19824
5633
19825
5634
19826
5635
19827
5636
19828
5637
19829
5638
19830
5639
19831
5640
19832
5641
19833
5642
19834
5643
19835
5644
19836
5645
19837
5646
19838
5647
19839
5648
19840
5649
19841
5650
19842
5651
19843
5652
19844
5653
19845
5654
19846
5655
19847
5656
19848
5657
19849
5658
19850
5659
19851
5660
19852
5661
19853
5662
19854
5663
19855
5664
19856
5665
19857
5666
19858
5667
19859
5668
19860
5669
19861
5670
19862
5671
19863
5672
19864
5673
19865
5674
19866
5675
19867
5676
19868
5677
19869
5678
19870
5679
19871
5680
19872
5681
19873
5682
19874
5683
19875
5684
19876
5685
19877
5686
19878
5687
19879
5688
19880
5689
19881
5690
19882
5691
19883
5692
19884
5693
19885
5694
19886
5695
19887
5696
19888
5697
19889
5698
19890
5699
19891
5700
19892
5701
19893
5702
19894
5703
19895
5704
19896
5705
19897
5706
19898
5707
19899
5708
19900
5709
19901
5710
19902
5711
19903
5712
19904
5713
19905
5714
19906
5715
19907
5716
19908
5717
19909
5718
19910
5719
19911
5720
19912
5721
19913
5722
19914
5723
19915
5724
19916
5725
19917
5726
19918
5727
19919
5728
19920
5729
19921
5730
19922
5731
19923
5732
19924
5733
5734
19925
5735
19926
19927
5736
5737
19928
5738
19929
5739
19930
5740
19931
5741
19932
19933
5742
19934
5743
19935
5744
19936
5745
19937
5746
19938
5747
19939
5748
19940
5749
19941
5750
19942
5751
19943
5752
19944
5753
19945
5754
19946
5755
19947
5756
19948
5757
19949
5758
19950
5759
19951
5760
19952
5761
19953
5762
19954
5763
19955
5764
19956
5765
19957
5766
19958
5767
19959
5768
19960
5769
19961
5770
19962
5771
19963
5772
19964
5773
19965
5774
19966
5775
19967
5776
19968
5777
19969
5778
19970
5779
19971
5780
19972
5781
19973
5782
19974
5783
19975
5784
19976
5785
19977
5786
19978
5787
19979
5788
19980
19981
5789
19982
5790
5791
19983
19984
5792
19985
5793
19986
5794
5795
19987
5796
19988
5797
19989
5798
19990
19991
5799
5800
19992
19993
5801
19994
5802
5803
19995
19996
5804
19997
5805
5806
19998
19999
5807
20000
5808
20001
5809
5810
20002
5811
20003
20004
5812
20005
5813
5814
20006
20007
5815
20008
5816
5817
20009
20010
5818
5819
20011
20012
5820
5821
20013
5822
20014
20015
5823
20016
5824
5825
20017
5826
20018
5827
20019
5828
20020
20021
5829
5830
20022
20023
5831
5832
20024
20025
5833
5834
20026
20027
5835
20028
5836
5837
20029
20030
5838
5839
20031
20032
5840
20033
5841
20034
5842
20035
5843
20036
5844
5845
20037
20038
5846
20039
5847
20040
5848
20041
5849
20042
5850
20043
5851
20044
5852
5853
20045
20046
5854
5855
20047
5856
20048
5857
20049
5858
20050
5859
20051
20052
5860
5861
20053
5862
20054
20055
5863
20056
5864
20057
5865
20058
5866
5867
20059
20060
5868
20061
5869
5870
20062
20063
20064
20065
20066
20067
20068
20069
5871
20070
5872
5873
20071
5874
5875
5876
