22701
7567
7568
22702
7569
22703
22704
7570
22706
7571
22707
7572
22708
7573
22709
7574
7575
22710
22711
7576
22712
7577
22713
7578
22714
22715
7579
22716
22717
7580
22718
7581
7582
22719
22720
7583
22721
7584
22722
7585
22723
7586
22724
7587
22725
7588
22726
7589
22727
7590
22728
7591
22729
7592
22730
7593
22731
7594
7595
22732
22733
7596
22734
7597
22735
22736
7598
7599
22737
7600
22738
7601
22739
7602
22740
22741
7603
22742
7604
22743
22744
7605
7606
22745
22746
7607
22747
7608
22748
7609
22749
7610
22750
7611
7612
22751
22752
7613
7614
22753
22754
7615
7616
22755
7617
22756
7618
22757
7619
22758
7620
7621
22759
7622
22760
7636
7637
22761
7638
22762
7639
22763
7640
7641
22764
7642
22765
7643
22766
7644
22767
7645
22768
7646
22769
7647
22770
7648
22771
7649
22772
22773
7650
22774
7651
22775
7652
22776
7653
22777
7654
22780
7655
22781
7656
22782
7657
22783
7658
22784
7659
22785
7660
22788
22789
7661
7662
22790
22791
7663
22793
7664
22794
7665
22795
7666
22796
22797
7667
22798
22799
7668
22800
7669
22801
7670
22802
22803
7671
22804
7672
22805
7673
22806
22807
7674
22808
7675
22809
7676
22810
7677
22811
7678
22812
22813
7679
22814
7680
22815
7681
22816
7682
22817
7683
22818
7685
22819
22820
7686
22821
7687
22822
7688
22823
7689
22824
7690
22825
7691
7694
22826
7695
22827
22828
7698
7699
22829
7701
22830
7702
22831
7703
22832
22833
7704
7706
22834
7708
22835
7709
22836
7710
22837
7711
22838
7712
22839
22840
7713
22841
7714
22842
7715
22843
7716
7717
22844
7718
22845
22846
7719
22847
22848
7720
22849
7721
22850
7722
22851
7723
22852
7724
7725
22853
7726
22854
7727
22855
7728
22856
22857
7729
22858
7730
22859
7731
22860
7732
7733
22861
7734
22862
7735
22863
7736
22864
22865
7737
22866
7738
22867
7739
7740
22868
7741
22869
7742
22870
22871
7743
7744
22872
7745
22873
22874
7746
22875
7747
22876
7748
22877
7749
22878
7750
22879
7751
22880
7752
22881
7753
22882
22883
7754
22884
7755
7756
22885
7757
22886
7758
22887
7759
7760
22888
7761
22889
7762
22890
7763
22891
22892
7764
7765
22893
22894
7766
22895
22896
7767
22897
7769
22898
7776
22899
7777
22900
7778
22901
7779
22902
7780
22903
7781
7782
22904
7791
22905
7792
22906
22907
7793
22908
7794
22909
22910
7795
22911
7796
22912
22913
7797
22914
22915
7798
22916
7799
22917
7800
22918
7801
22919
7802
22920
7805
22921
7808
22922
7809
22923
7810
22924
7811
22925
7812
22926
7813
7814
22927
22928
7815
22929
7816
7817
22930
7818
22931
7819
22932
7820
22933
22934
7822
22935
7823
22936
7824
22937
7825
22938
7826
22939
7827
22940
7828
22941
7829
22942
7835
22943
7836
22944
22945
7837
22946
7838
22947
22948
7839
7840
22949
7841
22950
7842
22951
7843
22952
7844
22953
7845
22954
7846
22955
7847
22956
7848
22957
7849
22958
7850
22959
7851
7852
22960
7853
22961
7854
22962
7855
22963
7856
22964
7857
7858
22965
7862
22966
7863
22967
7864
7865
7866
22968
22969
7869
22970
7870
22971
7871
7872
22972
7873
22973
22974
22975
7874
22976
7875
22977
7876
7877
22978
7878
22979
7879
22980
22981
7880
22982
7882
7883
22983
22984
7886
22985
7889
7892
22986
7895
22987
7897
22988
22989
7898
22990
7899
7900
22991
22992
7901
22993
7913
22994
7914
22995
7916
22996
7917
22997
7918
22998
7919
22999
7920
23000
7921
23001
7922
23002
7923
23003
7924
23004
7925
23005
7929
23006
7930
23007
7931
23008
7932
23009
7933
23010
7934
23011
7935
23012
7936
23013
7937
23014
7943
23015
7949
23016
7951
23017
7954
23018
7960
23019
7973
23020
7974
23021
7975
23022
7976
23023
7977
23024
7978
23025
7979
23026
7980
23027
7984
23028
7985
23029
7986
23030
7987
23031
7988
23032
7989
23033
7990
23034
7991
23035
7992
23047
7993
23048
7995
7997
23049
7999
23050
8001
23051
8003
23052
8004
23053
8005
23054
8010
23055
8011
23056
8012
23057
8013
23058
8014
23059
8015
23060
8016
23061
8017
23062
8018
23063
8019
23064
8020
23065
8021
23066
8022
23067
8023
23068
8024
23069
8025
23070
8026
23071
8027
23072
8028
23073
8029
23074
8030
23075
8031
23076
8032
23077
8033
23078
8034
23079
8035
23080
8036
23081
8037
23082
8038
23083
8039
23084
8040
23085
8041
23086
8042
23087
8043
23088
8044
23089
8045
23090
8046
23091
8047
23092
8048
23093
8049
23094
8050
23095
8051
23096
8052
23097
8053
23098
8054
23099
8055
23100
8056
23101
8058
23102
8059
23103
8060
23104
8061
23105
8062
23106
8063
23107
8064
23108
8065
23109
8066
23110
23111
8067
8068
23112
8069
23113
8070
23114
23115
8071
8072
23116
23117
8073
8074
23118
8075
23119
23120
8076
23121
8077
23122
8078
8079
23123
8080
23124
23125
8081
8082
23126
8083
23127
23128
8084
8085
23131
23132
8086
8087
23133
8088
23134
8089
23135
8090
23136
23137
8091
23138
8092
8093
23139
23140
8094
23141
8095
23142
8097
23143
8098
23144
8099
23145
8100
23146
8101
23147
8102
23148
8103
23149
8104
23150
8105
23151
8106
23152
8107
23153
8108
23154
8109
23155
8110
23156
8111
23157
8112
23158
8113
23159
8114
23160
8115
23161
8116
23162
8117
23163
8118
23164
8119
23165
8120
23166
8121
23167
8122
23168
8123
23169
8124
23170
8125
23171
8126
23172
8127
23173
8128
23174
8129
23175
8130
23176
8131
23177
8132
23178
8133
23179
8134
23180
8136
23181
8137
23182
8138
23183
8139
23184
8140
23185
8141
23186
8142
23187
8143
23188
8144
23189
8145
23190
8146
23191
8147
23192
8148
23193
8149
23194
8150
23195
8151
23196
8152
23197
23198
8153
23199
8154
8155
23200
8156
23201
8157
23202
8158
23203
8159
23204
8160
23205
8161
23206
8162
23207
8163
23208
8164
23209
8165
23210
8166
23211
8167
23212
8168
23213
8169
23214
8170
23215
8171
23216
8172
23217
8173
23218
8175
23219
8176
23220
8177
23221
8178
23222
8179
23223
8180
23224
8181
23225
8182
23226
8183
23227
8184
23229
8185
23231
8186
23232
8187
23233
8188
23234
8189
23235
8190
23236
8191
23237
8192
23238
8193
23239
8194
23240
8195
23241
8196
23242
8197
23243
8198
23244
8199
23245
8200
23246
8201
23247
8202
23248
8203
23249
8204
23250
8205
23251
8206
23252
8207
23253
8208
23254
8209
8210
23255
8211
23256
23257
8212
23258
8214
23259
8215
8216
23260
8217
23261
8218
23262
23263
8219
8220
23264
23265
8221
23266
8222
23267
8223
8224
23268
23269
8225
23270
8226
8227
23271
23272
8228
8229
23273
8230
23274
23275
8231
23276
8232
23277
8233
23278
8234
23279
8235
23280
8236
8237
23281
8238
23282
8239
23283
8240
23284
8241
23285
23286
8242
23287
8243
8244
23288
23289
8245
8246
23290
8247
23291
23292
8248
23293
8249
23294
8250
23295
8251
23296
8253
23297
8254
23298
8255
23299
8256
23300
8257
23301
8258
8259
23302
8260
23303
23304
8261
8262
23305
8263
23306
23307
8264
23308
8265
23309
8266
8267
23310
8268
23311
8269
23312
8270
23313
8271
23314
23315
8272
23316
8273
23317
8274
23318
8275
23319
8276
23320
8277
23321
8278
23322
8279
23323
8280
23324
8281
23325
8282
23326
8283
23327
8284
23328
8285
23329
8286
23330
8287
23331
8288
23332
8289
23333
8290
23334
8292
23335
8293
23336
8294
23337
8295
23338
8296
23339
8297
23340
8298
23341
8299
23342
8300
23343
8301
23344
8302
23345
8303
23346
8304
23347
8305
23348
8306
23349
8307
23350
8308
23351
8309
23352
8310
23353
8311
23354
8312
23355
8313
23356
8314
23357
8315
23358
8316
23359
8317
23360
8318
23361
8319
23362
8320
23363
8321
23364
8322
23365
8323
23366
8324
23367
8325
23368
8326
23369
8327
23370
8328
23371
8329
23372
8332
23373
8333
23374
8334
23375
8335
23376
8336
23377
8337
23378
8338
8339
23379
23380
8340
8341
23381
23382
8342
8343
23383
23384
8344
23385
8345
23386
8346
8347
23390
23391
8348
23392
8349
23393
8350
23394
8351
23395
8352
8353
23396
23397
8354
23398
8355
23399
8356
23400
8357
23401
8358
23402
8359
23403
8360
23404
8361
8362
23405
8363
23406
23407
8364
23408
8365
8366
23409
23410
8367
23411
8368
8369
23412
23413
8370
23414
8371
23415
8372
23416
8373
23417
8374
23418
8375
23419
8376
23420
8377
23421
8378
23422
8379
23423
8380
23424
8381
23425
8382
23426
8383
23427
8384
23428
8385
23429
8386
23430
8387
23431
8388
23432
8389
23433
8390
23434
8391
23435
8392
23436
8393
23437
8394
23438
8395
23439
8396
23440
8397
23441
8398
23442
8399
23443
8400
23444
8401
23445
8402
23446
8403
23447
8404
23448
8405
23449
8406
23450
8407
23451
8408
23452
8409
23453
8410
23454
8411
23455
8412
23456
8413
23457
8414
23458
8415
23459
8416
23460
8417
23461
8418
23462
8419
23463
8420
23464
8421
23465
8422
23466
23467
8423
8424
23468
8425
23469
23470
8426
8427
23471
23472
8428
23473
8429
23474
8430
23475
8431
23476
8432
23477
8433
23478
8434
23479
8435
23480
23481
8436
23482
8437
23483
8438
23484
8439
23485
8440
23486
8441
23487
8442
23488
8443
23489
8444
23490
8445
23491
8446
23492
8447
23493
8448
23494
8449
23495
8450
8451
23496
8453
23497
23498
8454
